
**** Build of configuration Debug for project botCalibration ****

"C:\\ti\\ccs1230\\ccs\\utils\\bin\\gmake" -k -j 20 all -O 
 
Building file: "../main.c"
Invoking: Arm Compiler
"C:/ti/ccs1230/ccs/tools/compiler/ti-cgt-arm_20.2.7.LTS/bin/armcl" -mv7M4 --code_state=16 --float_support=FPv4SPD16 -me --include_path="//IASTATE.EDU/Files/Users/jdschul5/Documents/godzillaHunter/botCalibration" --include_path="C:/ti/TivaWare_C_Series-2.2.0.295" --include_path="C:/ti/ccs1230/ccs/tools/compiler/ti-cgt-arm_20.2.7.LTS/include" --define=ccs="ccs" --define=PART_TM4C123GH6PM -g --gcc --diag_warning=225 --diag_wrap=off --display_error_number --abi=eabi --preproc_with_compile --preproc_dependency="main.d_raw"  "../main.c"
\\IASTATE.EDU\Files\Users\jdschul5\Documents\godzillaHunter\botCalibration\Debug
CMD.EXE was started with the above path as the current directory.
UNC paths are not supported.  Defaulting to Windows directory.
\\IASTATE.EDU\Files\Users\jdschul5\Documents\godzillaHunter\botCalibration\Debug
CMD.EXE was started with the above path as the current directory.
UNC paths are not supported.  Defaulting to Windows directory.
"../main.c", line 64: warning #112-D: statement is unreachable
\\IASTATE.EDU\Files\Users\jdschul5\Documents\godzillaHunter\botCalibration\Debug
CMD.EXE was started with the above path as the current directory.
UNC paths are not supported.  Defaulting to Windows directory.
\\IASTATE.EDU\Files\Users\jdschul5\Documents\godzillaHunter\botCalibration\Debug
CMD.EXE was started with the above path as the current directory.
UNC paths are not supported.  Defaulting to Windows directory.
Finished building: "../main.c"
 
Building file: "../IR.c"
Invoking: Arm Compiler
"C:/ti/ccs1230/ccs/tools/compiler/ti-cgt-arm_20.2.7.LTS/bin/armcl" -mv7M4 --code_state=16 --float_support=FPv4SPD16 -me --include_path="//IASTATE.EDU/Files/Users/jdschul5/Documents/godzillaHunter/botCalibration" --include_path="C:/ti/TivaWare_C_Series-2.2.0.295" --include_path="C:/ti/ccs1230/ccs/tools/compiler/ti-cgt-arm_20.2.7.LTS/include" --define=ccs="ccs" --define=PART_TM4C123GH6PM -g --gcc --diag_warning=225 --diag_wrap=off --display_error_number --abi=eabi --preproc_with_compile --preproc_dependency="IR.d_raw"  "../IR.c"
\\IASTATE.EDU\Files\Users\jdschul5\Documents\godzillaHunter\botCalibration\Debug
CMD.EXE was started with the above path as the current directory.
UNC paths are not supported.  Defaulting to Windows directory.
\\IASTATE.EDU\Files\Users\jdschul5\Documents\godzillaHunter\botCalibration\Debug
CMD.EXE was started with the above path as the current directory.
UNC paths are not supported.  Defaulting to Windows directory.
\\IASTATE.EDU\Files\Users\jdschul5\Documents\godzillaHunter\botCalibration\Debug
CMD.EXE was started with the above path as the current directory.
UNC paths are not supported.  Defaulting to Windows directory.
\\IASTATE.EDU\Files\Users\jdschul5\Documents\godzillaHunter\botCalibration\Debug
CMD.EXE was started with the above path as the current directory.
UNC paths are not supported.  Defaulting to Windows directory.
Finished building: "../IR.c"
 
Building file: "../movement.c"
Invoking: Arm Compiler
"C:/ti/ccs1230/ccs/tools/compiler/ti-cgt-arm_20.2.7.LTS/bin/armcl" -mv7M4 --code_state=16 --float_support=FPv4SPD16 -me --include_path="//IASTATE.EDU/Files/Users/jdschul5/Documents/godzillaHunter/botCalibration" --include_path="C:/ti/TivaWare_C_Series-2.2.0.295" --include_path="C:/ti/ccs1230/ccs/tools/compiler/ti-cgt-arm_20.2.7.LTS/include" --define=ccs="ccs" --define=PART_TM4C123GH6PM -g --gcc --diag_warning=225 --diag_wrap=off --display_error_number --abi=eabi --preproc_with_compile --preproc_dependency="movement.d_raw"  "../movement.c"
\\IASTATE.EDU\Files\Users\jdschul5\Documents\godzillaHunter\botCalibration\Debug
CMD.EXE was started with the above path as the current directory.
UNC paths are not supported.  Defaulting to Windows directory.
\\IASTATE.EDU\Files\Users\jdschul5\Documents\godzillaHunter\botCalibration\Debug
CMD.EXE was started with the above path as the current directory.
UNC paths are not supported.  Defaulting to Windows directory.
"../movement.c", line 163: warning #112-D: statement is unreachable
\\IASTATE.EDU\Files\Users\jdschul5\Documents\godzillaHunter\botCalibration\Debug
CMD.EXE was started with the above path as the current directory.
UNC paths are not supported.  Defaulting to Windows directory.
\\IASTATE.EDU\Files\Users\jdschul5\Documents\godzillaHunter\botCalibration\Debug
CMD.EXE was started with the above path as the current directory.
UNC paths are not supported.  Defaulting to Windows directory.
Finished building: "../movement.c"
 
Building target: "botCalibration.out"
Invoking: Arm Linker
"C:/ti/ccs1230/ccs/tools/compiler/ti-cgt-arm_20.2.7.LTS/bin/armcl" -mv7M4 --code_state=16 --float_support=FPv4SPD16 -me --define=ccs="ccs" --define=PART_TM4C123GH6PM -g --gcc --diag_warning=225 --diag_wrap=off --display_error_number --abi=eabi -z -m"botCalibration.map" --heap_size=4096 --stack_size=4096 -i"C:/ti/ccs1230/ccs/tools/compiler/ti-cgt-arm_20.2.7.LTS/lib" -i"C:/ti/ccs1230/ccs/tools/compiler/ti-cgt-arm_20.2.7.LTS/include" --reread_libs --diag_wrap=off --display_error_number --warn_sections --xml_link_info="botCalibration_linkInfo.xml" --rom_model -o "botCalibration.out" "./IR.obj" "./Timer.obj" "./button.obj" "./lcd.obj" "./main.obj" "./movement.obj" "./open_interface.obj" "./ping.obj" "./servo.obj" "./tm4c123gh6pm_startup_ccs.obj" "./uart-interrupt.obj" "../tm4c123gh6pm.cmd"  -llibc.a -l"C:/ti/TivaWare_C_Series-2.2.0.295/driverlib/ccs/Debug/driverlib.lib" 
<Linking>
\\IASTATE.EDU\Files\Users\jdschul5\Documents\godzillaHunter\botCalibration\Debug
CMD.EXE was started with the above path as the current directory.
UNC paths are not supported.  Defaulting to Windows directory.
\\IASTATE.EDU\Files\Users\jdschul5\Documents\godzillaHunter\botCalibration\Debug
CMD.EXE was started with the above path as the current directory.
UNC paths are not supported.  Defaulting to Windows directory.
\\IASTATE.EDU\Files\Users\jdschul5\Documents\godzillaHunter\botCalibration\Debug
CMD.EXE was started with the above path as the current directory.
UNC paths are not supported.  Defaulting to Windows directory.
Finished building target: "botCalibration.out"
 
\\IASTATE.EDU\Files\Users\jdschul5\Documents\godzillaHunter\botCalibration\Debug
CMD.EXE was started with the above path as the current directory.
UNC paths are not supported.  Defaulting to Windows directory.

**** Build Finished ****
