
**** Build of configuration Debug for project godzillaHunter ****

"C:\\ti\\ccs1230\\ccs\\utils\\bin\\gmake" -k -j 20 all -O 
 
Building file: "../main.c"
Invoking: Arm Compiler
"C:/ti/ccs1230/ccs/tools/compiler/ti-cgt-arm_20.2.7.LTS/bin/armcl" -mv7M4 --code_state=16 --float_support=FPv4SPD16 -me --include_path="U:/Documents/godzillaHunter/godzillaHunter" --include_path="C:/ti/TivaWare_C_Series-2.2.0.295" --include_path="C:/ti/ccs1230/ccs/tools/compiler/ti-cgt-arm_20.2.7.LTS/include" --define=ccs="ccs" --define=PART_TM4C123GH6PM -g --gcc --diag_warning=225 --diag_wrap=off --display_error_number --abi=eabi --preproc_with_compile --preproc_dependency="main.d_raw"  "../main.c"
Finished building: "../main.c"
 
Building file: "../IR.c"
Invoking: Arm Compiler
"C:/ti/ccs1230/ccs/tools/compiler/ti-cgt-arm_20.2.7.LTS/bin/armcl" -mv7M4 --code_state=16 --float_support=FPv4SPD16 -me --include_path="U:/Documents/godzillaHunter/godzillaHunter" --include_path="C:/ti/TivaWare_C_Series-2.2.0.295" --include_path="C:/ti/ccs1230/ccs/tools/compiler/ti-cgt-arm_20.2.7.LTS/include" --define=ccs="ccs" --define=PART_TM4C123GH6PM -g --gcc --diag_warning=225 --diag_wrap=off --display_error_number --abi=eabi --preproc_with_compile --preproc_dependency="IR.d_raw"  "../IR.c"
Finished building: "../IR.c"
 
Building file: "../scan.c"
Invoking: Arm Compiler
"C:/ti/ccs1230/ccs/tools/compiler/ti-cgt-arm_20.2.7.LTS/bin/armcl" -mv7M4 --code_state=16 --float_support=FPv4SPD16 -me --include_path="U:/Documents/godzillaHunter/godzillaHunter" --include_path="C:/ti/TivaWare_C_Series-2.2.0.295" --include_path="C:/ti/ccs1230/ccs/tools/compiler/ti-cgt-arm_20.2.7.LTS/include" --define=ccs="ccs" --define=PART_TM4C123GH6PM -g --gcc --diag_warning=225 --diag_wrap=off --display_error_number --abi=eabi --preproc_with_compile --preproc_dependency="scan.d_raw"  "../scan.c"
"../scan.c", line 19: warning #552-D: variable "m" was set but never used
Finished building: "../scan.c"
 
Building file: "../movement.c"
Invoking: Arm Compiler
"C:/ti/ccs1230/ccs/tools/compiler/ti-cgt-arm_20.2.7.LTS/bin/armcl" -mv7M4 --code_state=16 --float_support=FPv4SPD16 -me --include_path="U:/Documents/godzillaHunter/godzillaHunter" --include_path="C:/ti/TivaWare_C_Series-2.2.0.295" --include_path="C:/ti/ccs1230/ccs/tools/compiler/ti-cgt-arm_20.2.7.LTS/include" --define=ccs="ccs" --define=PART_TM4C123GH6PM -g --gcc --diag_warning=225 --diag_wrap=off --display_error_number --abi=eabi --preproc_with_compile --preproc_dependency="movement.d_raw"  "../movement.c"
"../movement.c", line 399: warning #112-D: statement is unreachable
Finished building: "../movement.c"
 
Building target: "godzillaHunter.out"
Invoking: Arm Linker
"C:/ti/ccs1230/ccs/tools/compiler/ti-cgt-arm_20.2.7.LTS/bin/armcl" -mv7M4 --code_state=16 --float_support=FPv4SPD16 -me --define=ccs="ccs" --define=PART_TM4C123GH6PM -g --gcc --diag_warning=225 --diag_wrap=off --display_error_number --abi=eabi -z -m"godzillaHunter.map" --heap_size=4096 --stack_size=4096 -i"C:/ti/ccs1230/ccs/tools/compiler/ti-cgt-arm_20.2.7.LTS/lib" -i"C:/ti/ccs1230/ccs/tools/compiler/ti-cgt-arm_20.2.7.LTS/include" --reread_libs --diag_wrap=off --display_error_number --warn_sections --xml_link_info="godzillaHunter_linkInfo.xml" --rom_model -o "godzillaHunter.out" "./IR.obj" "./Timer.obj" "./button.obj" "./lcd.obj" "./main.obj" "./movement.obj" "./open_interface.obj" "./ping.obj" "./scan.obj" "./servo.obj" "./tm4c123gh6pm_startup_ccs.obj" "./uart-interrupt.obj" "../tm4c123gh6pm.cmd"  -llibc.a -l"C:/ti/TivaWare_C_Series-2.2.0.295/driverlib/ccs/Debug/driverlib.lib" 
<Linking>
Finished building target: "godzillaHunter.out"
 

**** Build Finished ****
